2023-06-05 16:21:05.992 [info] Log level: Info
2023-06-05 16:21:05.992 [info] Validating found git in: "git"
2023-06-05 16:21:05.992 [info] Using git "2.34.1" from "git"
2023-06-05 16:21:05.992 [info] > git rev-parse --show-toplevel [6ms]
2023-06-05 16:21:05.992 [info] fatal: not a git repository (or any of the parent directories): .git
2023-06-05 16:21:05.992 [info] > git rev-parse --show-toplevel [6ms]
2023-06-05 16:21:05.992 [info] fatal: not a git repository (or any of the parent directories): .git
2023-06-05 16:21:05.992 [info] > git rev-parse --show-toplevel [6ms]
2023-06-05 16:21:05.992 [info] fatal: not a git repository (or any of the parent directories): .git
2023-06-05 16:21:05.992 [info] > git rev-parse --show-toplevel [3ms]
2023-06-05 16:21:05.992 [info] fatal: not a git repository (or any of the parent directories): .git
2023-06-05 16:21:05.992 [info] > git rev-parse --show-toplevel [1ms]
2023-06-05 16:21:05.992 [info] fatal: not a git repository (or any of the parent directories): .git
2023-06-05 16:21:05.992 [info] > git rev-parse --show-toplevel [2ms]
2023-06-05 16:21:05.992 [info] fatal: not a git repository (or any of the parent directories): .git
2023-06-05 16:34:17.111 [info] > git rev-parse --show-toplevel [10ms]
2023-06-05 16:34:17.120 [info] fatal: not a git repository (or any of the parent directories): .git
2023-06-05 17:40:58.863 [info] > git rev-parse --show-toplevel [8ms]
2023-06-05 17:40:58.863 [info] fatal: not a git repository (or any of the parent directories): .git
2023-06-05 18:07:53.981 [info] > git rev-parse --show-toplevel [7ms]
2023-06-05 18:07:53.981 [info] fatal: not a git repository (or any of the parent directories): .git
2023-06-05 18:22:35.997 [info] > git rev-parse --show-toplevel [12ms]
2023-06-05 18:22:35.997 [info] fatal: not a git repository (or any of the parent directories): .git
2023-06-05 19:05:41.912 [info] > git rev-parse --show-toplevel [4ms]
2023-06-05 19:05:41.912 [info] fatal: not a git repository (or any of the parent directories): .git
2023-06-05 19:06:02.468 [info] > git rev-parse --show-toplevel [6ms]
2023-06-05 19:06:02.468 [info] fatal: not a git repository (or any of the parent directories): .git
2023-06-05 19:06:10.112 [info] > git rev-parse --show-toplevel [10ms]
2023-06-05 19:06:10.113 [info] fatal: not a git repository (or any of the parent directories): .git
2023-06-05 19:39:55.204 [info] > git rev-parse --show-toplevel [5ms]
2023-06-05 19:39:55.204 [info] fatal: not a git repository (or any of the parent directories): .git
