2023-06-10 09:11:25.226 [info] Log level: Info
2023-06-10 09:11:25.227 [info] Validating found git in: "git"
2023-06-10 09:11:25.227 [info] Using git "2.34.1" from "git"
2023-06-10 09:11:25.227 [info] > git rev-parse --show-toplevel [5ms]
2023-06-10 09:11:25.227 [info] > git rev-parse --git-dir --git-common-dir [2ms]
2023-06-10 09:11:25.227 [info] Open repository: /home/shubham
2023-06-10 09:11:25.227 [info] > git rev-parse --show-toplevel [84ms]
2023-06-10 09:11:25.227 [info] > git rev-parse --show-toplevel [42ms]
2023-06-10 09:11:25.227 [info] > git config --get commit.template [131ms]
2023-06-10 09:11:25.227 [info] No remotes found in the git config file.
2023-06-10 09:11:25.227 [info] > git rev-parse --show-toplevel [17ms]
2023-06-10 09:11:25.227 [info] > git for-each-ref --format=%(refname)%00%(upstream:short)%00%(objectname)%00%(upstream:track)%00%(upstream:remotename)%00%(upstream:remoteref) refs/heads/master refs/remotes/master [11ms]
2023-06-10 09:11:25.227 [info] > git rev-parse --show-toplevel [14ms]
2023-06-10 09:11:25.227 [info] > git rev-parse --show-toplevel [4ms]
2023-06-10 09:11:25.416 [info] > git show --textconv :DrNilakshiJain-main/nilakshijain/templates/index.html [14ms]
2023-06-10 09:11:25.422 [info] > git ls-files --stage -- /home/shubham/DrNilakshiJain-main/nilakshijain/templates/index.html [6ms]
2023-06-10 09:11:25.576 [info] > git check-ignore -v -z --stdin [3ms]
2023-06-10 09:11:26.041 [info] > git status -z -uall --find-renames=50% [1117ms] (cancelled)
2023-06-10 09:11:31.450 [info] > git config --get commit.template [21ms]
2023-06-10 09:11:31.464 [info] No remotes found in the git config file.
2023-06-10 09:11:31.466 [info] > git for-each-ref --format=%(refname)%00%(upstream:short)%00%(objectname)%00%(upstream:track)%00%(upstream:remotename)%00%(upstream:remoteref) refs/heads/master refs/remotes/master [3ms]
2023-06-10 09:11:33.721 [info] > git status -z -uall --find-renames=50% [2240ms] (cancelled)
2023-06-10 09:16:02.479 [info] > git show --textconv :DrNilakshiJain-main/nilakshijain/templates/book-info.html [28ms]
2023-06-10 09:16:02.490 [info] > git ls-files --stage -- /home/shubham/DrNilakshiJain-main/nilakshijain/templates/book-info.html [12ms]
2023-06-10 09:16:03.656 [info] > git show --textconv :DrNilakshiJain-main/nilakshijain/main/models.py [28ms]
2023-06-10 09:16:03.674 [info] > git ls-files --stage -- /home/shubham/DrNilakshiJain-main/nilakshijain/main/models.py [20ms]
2023-06-10 09:16:04.136 [info] > git check-ignore -v -z --stdin [4ms]
