0 verbose cli [
0 verbose cli   '/usr/bin/node',
0 verbose cli   '/usr/bin/npm',
0 verbose cli   'install',
0 verbose cli   '--ignore-scripts',
0 verbose cli   'types-registry@latest'
0 verbose cli ]
1 info using npm@8.5.1
2 info using node@v12.22.9
3 timing npm:load:whichnode Completed in 1ms
4 timing config:load:defaults Completed in 2ms
5 timing config:load:file:/usr/share/nodejs/npm/npmrc Completed in 4ms
6 timing config:load:builtin Completed in 5ms
7 timing config:load:cli Completed in 2ms
8 timing config:load:env Completed in 0ms
9 timing config:load:file:/home/shubham/.cache/typescript/5.0/.npmrc Completed in 1ms
10 timing config:load:project Completed in 3ms
11 timing config:load:file:/home/shubham/.npmrc Completed in 0ms
12 timing config:load:user Completed in 0ms
13 timing config:load:file:/etc/npmrc Completed in 1ms
14 timing config:load:global Completed in 1ms
15 timing config:load:validate Completed in 0ms
16 timing config:load:credentials Completed in 2ms
17 timing config:load:setEnvs Completed in 1ms
18 timing config:load Completed in 17ms
19 timing npm:load:configload Completed in 17ms
20 timing npm:load:setTitle Completed in 1ms
21 timing config:load:flatten Completed in 3ms
22 timing npm:load:display Completed in 4ms
23 verbose logfile /home/shubham/.npm/_logs/2023-06-10T03_58_01_022Z-debug-0.log
24 timing npm:load:logFile Completed in 9ms
25 timing npm:load:timers Completed in 0ms
26 timing npm:load:configScope Completed in 0ms
27 timing npm:load Completed in 33ms
28 timing arborist:ctor Completed in 2ms
29 timing arborist:ctor Completed in 0ms
30 timing idealTree:init Completed in 37ms
31 http fetch GET 200 https://registry.npmjs.org/types-registry 851ms (cache miss)
32 timing idealTree:userRequests Completed in 872ms
33 silly idealTree buildDeps
34 silly fetch manifest types-registry@0.1.647
35 silly placeDep ROOT types-registry@0.1.647 OK for:  want: 0.1.647
36 timing idealTree:#root Completed in 8ms
37 timing idealTree:node_modules/types-registry Completed in 0ms
38 timing idealTree:buildDeps Completed in 10ms
39 timing idealTree:fixDepFlags Completed in 0ms
40 timing idealTree Completed in 922ms
41 timing reify:loadTrees Completed in 924ms
42 timing reify:diffTrees Completed in 1ms
43 silly reify moves {}
44 timing reify:retireShallow Completed in 1ms
45 timing reify:createSparse Completed in 1ms
46 timing reify:loadBundles Completed in 0ms
47 silly audit bulk request { 'types-registry': [ '0.1.647' ] }
48 silly tarball no local data for types-registry@https://registry.npmjs.org/types-registry/-/types-registry-0.1.647.tgz. Extracting by manifest.
49 http fetch GET 200 https://registry.npmjs.org/types-registry/-/types-registry-0.1.647.tgz 293ms (cache miss)
50 timing reifyNode:node_modules/types-registry Completed in 307ms
51 timing reify:unpack Completed in 307ms
52 timing reify:unretire Completed in 0ms
53 timing build:queue Completed in 0ms
54 timing build:deps Completed in 1ms
55 timing build Completed in 1ms
56 timing reify:build Completed in 2ms
57 timing reify:trash Completed in 0ms
58 timing reify:save Completed in 8ms
59 http fetch POST 200 https://registry.npmjs.org/-/npm/v1/security/advisories/bulk 323ms
60 timing auditReport:getReport Completed in 324ms
61 silly audit report {}
62 timing auditReport:init Completed in 0ms
63 timing reify:audit Completed in 325ms
64 timing reify Completed in 1260ms
65 silly ADD node_modules/types-registry
66 timing command:install Completed in 1270ms
67 verbose exit 0
68 timing npm Completed in 1693ms
69 info ok
