0 verbose cli [
0 verbose cli   '/usr/bin/node',
0 verbose cli   '/usr/share/nodejs/npm/bin/npm-cli.js',
0 verbose cli   'exec',
0 verbose cli   '--',
0 verbose cli   'kill-port',
0 verbose cli   '8000'
0 verbose cli ]
1 info using npm@8.5.1
2 info using node@v12.22.9
3 timing npm:load:whichnode Completed in 0ms
4 timing config:load:defaults Completed in 6ms
5 timing config:load:file:/usr/share/nodejs/npm/npmrc Completed in 4ms
6 timing config:load:builtin Completed in 4ms
7 timing config:load:cli Completed in 3ms
8 timing config:load:env Completed in 0ms
9 timing config:load:file:/home/shubham/DrNilakshiJain-main/nilakshijain/.npmrc Completed in 0ms
10 timing config:load:project Completed in 3ms
11 timing config:load:file:/home/shubham/.npmrc Completed in 0ms
12 timing config:load:user Completed in 0ms
13 timing config:load:file:/etc/npmrc Completed in 1ms
14 timing config:load:global Completed in 1ms
15 timing config:load:validate Completed in 0ms
16 timing config:load:credentials Completed in 3ms
17 timing config:load:setEnvs Completed in 1ms
18 timing config:load Completed in 22ms
19 timing npm:load:configload Completed in 23ms
20 timing npm:load:setTitle Completed in 1ms
21 timing config:load:flatten Completed in 4ms
22 timing npm:load:display Completed in 6ms
23 verbose logfile /home/shubham/.npm/_logs/2023-06-04T04_48_03_131Z-debug-0.log
24 timing npm:load:logFile Completed in 8ms
25 timing npm:load:timers Completed in 0ms
26 timing npm:load:configScope Completed in 0ms
27 timing npm:load Completed in 40ms
28 http fetch GET 200 https://registry.npmjs.org/kill-port 189ms (cache miss)
29 timing arborist:ctor Completed in 3ms
30 timing arborist:ctor Completed in 0ms
31 timing arborist:ctor Completed in 0ms
32 timing idealTree:init Completed in 8ms
33 timing idealTree:userRequests Completed in 3ms
34 silly idealTree buildDeps
35 silly fetch manifest kill-port@*
36 http fetch GET 200 https://registry.npmjs.org/kill-port 38ms (cache miss)
37 silly placeDep ROOT kill-port@2.0.1 OK for:  want: *
38 silly fetch manifest get-them-args@1.3.2
39 silly fetch manifest shell-exec@1.0.2
40 http fetch GET 200 https://registry.npmjs.org/get-them-args 332ms (cache miss)
41 http fetch GET 200 https://registry.npmjs.org/shell-exec 1093ms (cache miss)
42 timing idealTree:#root Completed in 1143ms
43 silly placeDep ROOT get-them-args@1.3.2 OK for: kill-port@2.0.1 want: 1.3.2
44 silly placeDep ROOT shell-exec@1.0.2 OK for: kill-port@2.0.1 want: 1.0.2
45 timing idealTree:node_modules/kill-port Completed in 11ms
46 timing idealTree:node_modules/get-them-args Completed in 0ms
47 timing idealTree:node_modules/shell-exec Completed in 0ms
48 timing idealTree:buildDeps Completed in 1157ms
49 timing idealTree:fixDepFlags Completed in 1ms
50 timing idealTree Completed in 1172ms
51 timing reify:loadTrees Completed in 1174ms
52 timing reify:diffTrees Completed in 2ms
53 silly reify moves {}
54 timing reify:retireShallow Completed in 1ms
55 timing reify:createSparse Completed in 2ms
56 timing reify:loadBundles Completed in 0ms
57 silly audit bulk request {
57 silly audit   'kill-port': [ '2.0.1' ],
57 silly audit   'get-them-args': [ '1.3.2' ],
57 silly audit   'shell-exec': [ '1.0.2' ]
57 silly audit }
58 silly tarball no local data for shell-exec@https://registry.npmjs.org/shell-exec/-/shell-exec-1.0.2.tgz. Extracting by manifest.
59 silly tarball no local data for get-them-args@https://registry.npmjs.org/get-them-args/-/get-them-args-1.3.2.tgz. Extracting by manifest.
60 silly tarball no local data for kill-port@https://registry.npmjs.org/kill-port/-/kill-port-2.0.1.tgz. Extracting by manifest.
61 http fetch GET 200 https://registry.npmjs.org/shell-exec/-/shell-exec-1.0.2.tgz 64ms (cache miss)
62 timing reifyNode:node_modules/shell-exec Completed in 78ms
63 http fetch GET 200 https://registry.npmjs.org/get-them-args/-/get-them-args-1.3.2.tgz 94ms (cache miss)
64 timing reifyNode:node_modules/get-them-args Completed in 116ms
65 http fetch GET 200 https://registry.npmjs.org/kill-port/-/kill-port-2.0.1.tgz 104ms (cache miss)
66 timing reifyNode:node_modules/kill-port Completed in 130ms
67 timing reify:unpack Completed in 131ms
68 timing reify:unretire Completed in 0ms
69 timing build:queue Completed in 1ms
70 timing build:link:node_modules/kill-port Completed in 3ms
71 timing build:link Completed in 3ms
72 timing build:deps Completed in 4ms
73 timing build Completed in 4ms
74 timing reify:build Completed in 5ms
75 timing reify:trash Completed in 0ms
76 timing reify:save Completed in 7ms
77 http fetch POST 200 https://registry.npmjs.org/-/npm/v1/security/advisories/bulk 358ms
78 timing auditReport:getReport Completed in 361ms
79 silly audit report {}
80 timing auditReport:init Completed in 0ms
81 timing reify:audit Completed in 364ms
82 timing reify Completed in 1585ms
83 timing command:exec Completed in 8122ms
84 verbose exit 0
85 timing npm Completed in 8623ms
86 info ok
