2023-06-05 16:25:34.431 [info] Log level: Info
2023-06-05 16:25:34.431 [info] Validating found git in: "git"
2023-06-05 16:25:34.431 [info] Using git "2.34.1" from "git"
2023-06-05 16:25:34.431 [info] > git rev-parse --show-toplevel [39ms]
2023-06-05 16:25:34.431 [info] fatal: not a git repository (or any of the parent directories): .git
2023-06-05 16:25:34.431 [info] > git rev-parse --show-toplevel [4ms]
2023-06-05 16:25:34.431 [info] fatal: not a git repository (or any of the parent directories): .git
2023-06-05 16:25:34.431 [info] > git rev-parse --show-toplevel [5ms]
2023-06-05 16:25:34.431 [info] fatal: not a git repository (or any of the parent directories): .git
2023-06-05 16:25:34.431 [info] > git rev-parse --show-toplevel [1ms]
2023-06-05 16:25:34.431 [info] fatal: not a git repository (or any of the parent directories): .git
2023-06-05 16:25:34.431 [info] > git rev-parse --show-toplevel [2ms]
2023-06-05 16:25:34.431 [info] fatal: not a git repository (or any of the parent directories): .git
2023-06-05 16:25:34.431 [info] > git rev-parse --show-toplevel [14ms]
2023-06-05 16:25:34.431 [info] fatal: not a git repository (or any of the parent directories): .git
2023-06-05 16:25:34.431 [info] > git rev-parse --show-toplevel [48ms]
2023-06-05 16:25:34.431 [info] fatal: not a git repository (or any of the parent directories): .git
2023-06-05 16:25:34.431 [info] > git rev-parse --show-toplevel [6ms]
2023-06-05 16:25:34.431 [info] fatal: not a git repository (or any of the parent directories): .git
2023-06-05 16:25:34.431 [info] > git rev-parse --show-toplevel [18ms]
2023-06-05 16:25:34.431 [info] > git rev-parse --git-dir --git-common-dir [7ms]
2023-06-05 16:25:34.431 [info] Open repository: /home/shubham/anubhav.tech
2023-06-05 16:25:34.431 [info] > git config --get commit.template [16ms]
2023-06-05 16:25:34.431 [info] > git rev-parse --show-toplevel [27ms]
2023-06-05 16:25:34.431 [info] fatal: not a git repository (or any of the parent directories): .git
2023-06-05 16:25:34.431 [info] > git for-each-ref --format=%(refname)%00%(upstream:short)%00%(objectname)%00%(upstream:track)%00%(upstream:remotename)%00%(upstream:remoteref) refs/heads/main refs/remotes/main [6ms]
2023-06-05 16:25:34.431 [info] > git status -z -uall [235ms]
2023-06-05 16:25:34.431 [info] > git config --get commit.template [17ms]
2023-06-05 16:25:34.433 [info] > git for-each-ref --format=%(refname)%00%(upstream:short)%00%(objectname)%00%(upstream:track)%00%(upstream:remotename)%00%(upstream:remoteref) refs/heads/main refs/remotes/main [5ms]
2023-06-05 16:25:34.593 [info] > git status -z -uall [151ms]
2023-06-05 16:25:34.695 [info] > git check-ignore -v -z --stdin [2ms]
2023-06-05 16:25:55.086 [info] > git rev-parse --show-toplevel [4ms]
2023-06-05 16:25:55.086 [info] fatal: not a git repository (or any of the parent directories): .git
