2023-06-10 13:47:36.160 [info] Extension host with pid 2768970 started
2023-06-10 13:47:36.182 [info] Lock '/home/shubham/.vscode-server/data/User/workspaceStorage/14e7fffc128ca4d64b5342becb0ebdb7/vscode.lock': Lock acquired.
2023-06-10 13:47:36.513 [info] ExtensionService#_doActivateExtension vscode.emmet, startup: false, activationEvent: 'onLanguage'
2023-06-10 13:47:36.515 [info] ExtensionService#_doActivateExtension vscode.html-language-features, startup: false, activationEvent: 'onLanguage:html'
2023-06-10 13:47:37.331 [info] ExtensionService#_doActivateExtension vscode.git-base, startup: true, activationEvent: '*', root cause: vscode.git
2023-06-10 13:47:37.346 [info] ExtensionService#_doActivateExtension ms-python.python, startup: true, activationEvent: 'workspaceContains:pyproject.toml'
2023-06-10 13:47:37.718 [info] ExtensionService#_doActivateExtension vscode.git, startup: true, activationEvent: '*'
2023-06-10 13:47:37.719 [info] ExtensionService#_doActivateExtension vscode.github, startup: true, activationEvent: '*'
2023-06-10 13:47:38.186 [info] Eager extensions activated
2023-06-10 13:47:38.187 [info] ExtensionService#_doActivateExtension vscode.debug-auto-launch, startup: false, activationEvent: 'onStartupFinished'
2023-06-10 13:47:38.188 [info] ExtensionService#_doActivateExtension vscode.merge-conflict, startup: false, activationEvent: 'onStartupFinished'
2023-06-10 13:47:38.527 [info] ExtensionService#_doActivateExtension ms-python.vscode-pylance, startup: false, activationEvent: 'api', root cause: ms-python.python
2023-06-10 13:48:28.175 [warning] [Decorations] CAPPING events from decorations provider vscode.git 10000
2023-06-10 13:48:30.097 [warning] [Decorations] CAPPING events from decorations provider vscode.git 10012
2023-06-10 13:49:06.545 [warning] [Decorations] CAPPING events from decorations provider vscode.git 10000
2023-06-10 13:49:30.336 [warning] [Decorations] CAPPING events from decorations provider vscode.git 10000
2023-06-10 13:49:32.541 [warning] [Decorations] CAPPING events from decorations provider vscode.git 10000
2023-06-10 13:49:51.566 [warning] [Decorations] CAPPING events from decorations provider vscode.git 10000
2023-06-10 13:49:55.013 [warning] [Decorations] CAPPING events from decorations provider vscode.git 10000
2023-06-10 13:50:53.287 [warning] [Decorations] CAPPING events from decorations provider vscode.git 10000
2023-06-10 13:51:44.839 [info] ExtensionService#_doActivateExtension vscode.json-language-features, startup: false, activationEvent: 'onLanguage:jsonc'
2023-06-10 13:51:44.841 [info] ExtensionService#_doActivateExtension vscode.typescript-language-features, startup: false, activationEvent: 'onLanguage:jsonc'
2023-06-10 13:51:47.041 [warning] [Decorations] CAPPING events from decorations provider vscode.git 10002
2023-06-10 13:52:40.538 [info] ExtensionService#_doActivateExtension vscode.npm, startup: false, activationEvent: 'onTerminalQuickFixRequest:ms-vscode.npm-command'
